<?xml version="1.0" encoding="UTF-8"?>
<!-- Generated by org.testng.reporters.JUnitReportReporter -->
<testsuite hostname="BABLOO-24" failures="0" tests="1" name="ai.iamneo.assignmentfour.Testing_Selenium_TestngFour.AppTest" time="7.212" errors="0" timestamp="2023-05-27T17:25:22 IST" skipped="0">
  <testcase classname="ai.iamneo.assignmentfour.Testing_Selenium_TestngFour.AppTest" name="printAllProductsOnFirstPage" time="7.212"/>
  <system-out/>
</testsuite> <!-- ai.iamneo.assignmentfour.Testing_Selenium_TestngFour.AppTest -->
